<?xml version="1.0" encoding="UTF-8"?>
<!-- Generated by org.testng.reporters.JUnitReportReporter -->
<testsuite hostname="Nikita" failures="0" tests="3" name="TestNg.Sample2" time="0.007" errors="0" timestamp="2023-01-07T17:24:36 IST" skipped="0">
  <testcase classname="TestNg.Sample2" name="TC7" time="0.003"/>
  <system-out>
    <![CDATA[Running TC7]]>
  </system-out>
  <testcase classname="TestNg.Sample2" name="TC9" time="0.002"/>
  <system-out>
    <![CDATA[Running TC9]]>
  </system-out>
  <testcase classname="TestNg.Sample2" name="TC8" time="0.002"/>
  <system-out>
    <![CDATA[Running TC8]]>
  </system-out>
</testsuite> <!-- TestNg.Sample2 -->
