<?xml version="1.0" encoding="UTF-8"?>
<!-- Generated by org.testng.reporters.JUnitReportReporter -->
<testsuite hostname="Nikita" failures="0" tests="3" name="TestNg.Priority" time="0.020" errors="0" timestamp="2023-01-05T21:22:52 IST" skipped="0">
  <testcase classname="TestNg.Priority" name="TC2" time="0.015"/>
  <system-out>
    <![CDATA[Runnig TC2]]>
  </system-out>
  <testcase classname="TestNg.Priority" name="TC3" time="0.002"/>
  <system-out>
    <![CDATA[Running TC3]]>
  </system-out>
  <testcase classname="TestNg.Priority" name="TC1" time="0.003"/>
  <system-out>
    <![CDATA[Running TC1]]>
  </system-out>
</testsuite> <!-- TestNg.Priority -->
