<?xml version="1.0" encoding="UTF-8"?>
<!-- Generated by org.testng.reporters.JUnitReportReporter -->
<testsuite hostname="Nikita" failures="0" tests="4" name="TestNg.Priority11" time="0.028" errors="0" timestamp="2023-01-05T21:36:44 IST" skipped="0">
  <testcase classname="TestNg.Priority11" name="Prabhas" time="0.019"/>
  <system-out>
    <![CDATA[Running Prabhas]]>
  </system-out>
  <testcase classname="TestNg.Priority11" name="Eshwar" time="0.003"/>
  <system-out>
    <![CDATA[Running Eshwar]]>
  </system-out>
  <testcase classname="TestNg.Priority11" name="Dhanush" time="0.003"/>
  <system-out>
    <![CDATA[Running Dhanush]]>
  </system-out>
  <testcase classname="TestNg.Priority11" name="Alluarjun" time="0.003"/>
  <system-out>
    <![CDATA[Running Alluarjun]]>
  </system-out>
</testsuite> <!-- TestNg.Priority11 -->
