<?xml version="1.0" encoding="UTF-8"?>
<!-- Generated by org.testng.reporters.JUnitReportReporter -->
<testsuite hostname="Nikita" failures="0" tests="1" name="TestNg.Parallel2" time="4.684" errors="0" timestamp="2023-01-07T17:53:53 IST" skipped="0">
  <testcase classname="TestNg.Parallel2" name="TC2" time="4.684"/>
  <system-out/>
</testsuite> <!-- TestNg.Parallel2 -->
