<?xml version="1.0" encoding="UTF-8"?>
<!-- Generated by org.testng.reporters.JUnitReportReporter -->
<testsuite hostname="Nikita" failures="0" tests="1" name="TestNg.Testng_Annotation" time="0.013" errors="0" timestamp="2023-01-03T22:16:23 IST" skipped="0">
  <testcase classname="TestNg.Testng_Annotation" name="verifyText" time="0.013"/>
  <system-out>
    <![CDATA[Running actual test case]]>
  </system-out>
</testsuite> <!-- TestNg.Testng_Annotation -->
