<?xml version="1.0" encoding="UTF-8"?>
<!-- Generated by org.testng.reporters.JUnitReportReporter -->
<testsuite hostname="Nikita" failures="0" tests="1" name="TestNg.Parallel1" time="173.140" errors="0" timestamp="2023-01-07T17:53:53 IST" skipped="0">
  <testcase classname="TestNg.Parallel1" name="TC1" time="173.140"/>
  <system-out/>
</testsuite> <!-- TestNg.Parallel1 -->
