<?xml version="1.0" encoding="UTF-8"?>
<!-- Generated by org.testng.reporters.JUnitReportReporter -->
<testsuite hostname="Nikita" failures="0" tests="2" name="TestNg.Enabled" time="0.019" errors="0" timestamp="2023-01-05T21:43:51 IST" skipped="1">
  <testcase classname="TestNg.Enabled" name="TC1" time="0.019"/>
  <system-out>
    <![CDATA[My first program is TestNG]]>
  </system-out>
  <testcase classname="TestNg.Enabled" name="TC2">
    <skipped/>
  </testcase> <!-- TC2 -->
  <system-out/>
</testsuite> <!-- TestNg.Enabled -->
