<?xml version="1.0" encoding="UTF-8"?>
<!-- Generated by org.testng.reporters.JUnitReportReporter -->
<testsuite hostname="Nikita" failures="0" tests="1" name="TestNg.Assert_NotEquals" time="0.016" errors="0" timestamp="2023-01-08T11:50:59 IST" skipped="0">
  <testcase classname="TestNg.Assert_NotEquals" name="m1" time="0.016"/>
  <system-out>
    <![CDATA[Running m1]]>
  </system-out>
</testsuite> <!-- TestNg.Assert_NotEquals -->
