<?xml version="1.0" encoding="UTF-8"?>
<!-- Generated by org.testng.reporters.JUnitReportReporter -->
<testsuite hostname="Nikita" failures="0" tests="3" name="TestNg.Sample1" time="0.012" errors="0" timestamp="2023-01-07T17:24:36 IST" skipped="0">
  <testcase classname="TestNg.Sample1" name="TC4" time="0.004"/>
  <system-out>
    <![CDATA[Running TC4]]>
  </system-out>
  <testcase classname="TestNg.Sample1" name="TC5" time="0.006"/>
  <system-out>
    <![CDATA[Running TC5]]>
  </system-out>
  <testcase classname="TestNg.Sample1" name="TC6" time="0.002"/>
  <system-out>
    <![CDATA[Running TC6]]>
  </system-out>
</testsuite> <!-- TestNg.Sample1 -->
