<?xml version="1.0" encoding="UTF-8"?>
<!-- Generated by org.testng.reporters.JUnitReportReporter -->
<testsuite hostname="Nikita" failures="0" tests="1" name="TestNg.Parallel3" time="4.273" errors="0" timestamp="2023-01-07T17:53:53 IST" skipped="0">
  <testcase classname="TestNg.Parallel3" name="TC3" time="4.273"/>
  <system-out/>
</testsuite> <!-- TestNg.Parallel3 -->
